<?xml version="1.0" encoding="UTF-8"?>
<testsuites name="asdasd" time="0.552" tests="1" failures="0" errors="0">
   <testsuite name="asdasd" tests="1" failures="0" errors="0" time="0.552" timestamp="2020-06-23 16:49:48" hostname="talm - host.docker.internal" id="Test Suites/asdasd">
      <properties>
         <property name="deviceName" value=""/>
         <property name="devicePlatform" value=""/>
         <property name="logFolder" value="C:\\Users\\talm\\git\\KatalonGitTest\\Reports\\20200623_164946\\asdasd\\20200623_164946"/>
         <property name="logFiles" value="C:\\Users\\talm\\git\\KatalonGitTest\\Reports\\20200623_164946\\asdasd\\20200623_164946\\execution0.log"/>
         <property name="attachments" value=""/>
         <property name="hostName" value="talm - host.docker.internal"/>
         <property name="hostAddress" value="10.0.16.44"/>
         <property name="os" value="Windows 10 64bit"/>
         <property name="katalonVersion" value="7.5.5.1"/>
      </properties>
      <testcase name="Test Cases/testCase" time="0.229" classname="Test Cases/testCase" status="PASSED">
         <system-out><![CDATA[2020-06-23 16:49:48 - [TEST_CASE][PASSED] - Test Cases/testCase: Test Cases/testCase

2020-06-23 16:49:48 - [TEST_STEP][PASSED] - return null: null]]></system-out>
         <system-err><![CDATA[]]></system-err>
      </testcase>
      <system-out><![CDATA[2020-06-23 16:49:48 - [TEST_SUITE][PASSED] - asdasd: Test Cases/testCase]]></system-out>
      <system-err><![CDATA[]]></system-err>
   </testsuite>
</testsuites>
